0 info it worked if it ends with ok
1 verbose cli [ 'C:\\Program Files\\nodejs\\\\node.exe',
1 verbose cli   'C:\\Program Files\\nodejs\\node_modules\\npm\\bin\\npm-cli.js',
1 verbose cli   'update',
1 verbose cli   '--save' ]
2 info using npm@1.4.28
3 info using node@v0.10.35
4 verbose node symlink C:\Program Files\nodejs\\node.exe
5 verbose request where is /express
6 verbose request registry https://registry.npmjs.org/
7 verbose request id e96657824f5f67fc
8 verbose url raw /express
9 verbose url resolving [ 'https://registry.npmjs.org/', './express' ]
10 verbose url resolved https://registry.npmjs.org/express
11 verbose request where is https://registry.npmjs.org/express
12 info trying registry request attempt 1 at 21:04:21
13 verbose etag "664O9SKCATY4WPQH57JG3ZVHE"
14 http GET https://registry.npmjs.org/express
15 http 304 https://registry.npmjs.org/express
16 silly registry.get cb [ 304,
16 silly registry.get   { date: 'Thu, 16 Jul 2015 01:05:34 GMT',
16 silly registry.get     via: '1.1 varnish',
16 silly registry.get     'cache-control': 'max-age=60',
16 silly registry.get     etag: '"664O9SKCATY4WPQH57JG3ZVHE"',
16 silly registry.get     age: '42',
16 silly registry.get     connection: 'keep-alive',
16 silly registry.get     'x-served-by': 'cache-atl6233-ATL',
16 silly registry.get     'x-cache': 'HIT',
16 silly registry.get     'x-cache-hits': '1',
16 silly registry.get     'x-timer': 'S1437008734.883056,VS0,VE6',
16 silly registry.get     vary: 'Accept' } ]
17 verbose etag https://registry.npmjs.org/express from cache
18 verbose request where is /accepts
19 verbose request registry https://registry.npmjs.org/
20 verbose url raw /accepts
21 verbose url resolving [ 'https://registry.npmjs.org/', './accepts' ]
22 verbose url resolved https://registry.npmjs.org/accepts
23 verbose request where is https://registry.npmjs.org/accepts
24 info trying registry request attempt 1 at 21:04:22
25 verbose etag "3WBGEH36QTM7XCJVNJYSE0UK3"
26 http GET https://registry.npmjs.org/accepts
27 verbose request where is /content-disposition
28 verbose request registry https://registry.npmjs.org/
29 verbose url raw /content-disposition
30 verbose url resolving [ 'https://registry.npmjs.org/', './content-disposition' ]
31 verbose url resolved https://registry.npmjs.org/content-disposition
32 verbose request where is https://registry.npmjs.org/content-disposition
33 info trying registry request attempt 1 at 21:04:22
34 verbose etag "4HK9PDK1U2Z136SHOZ9FNPE0L"
35 http GET https://registry.npmjs.org/content-disposition
36 verbose request where is /content-type
37 verbose request registry https://registry.npmjs.org/
38 verbose url raw /content-type
39 verbose url resolving [ 'https://registry.npmjs.org/', './content-type' ]
40 verbose url resolved https://registry.npmjs.org/content-type
41 verbose request where is https://registry.npmjs.org/content-type
42 info trying registry request attempt 1 at 21:04:22
43 verbose etag "8O24AGWIP2HNNPS49I8AYDZS8"
44 http GET https://registry.npmjs.org/content-type
45 verbose request where is /array-flatten
46 verbose request registry https://registry.npmjs.org/
47 verbose url raw /array-flatten
48 verbose url resolving [ 'https://registry.npmjs.org/', './array-flatten' ]
49 verbose url resolved https://registry.npmjs.org/array-flatten
50 verbose request where is https://registry.npmjs.org/array-flatten
51 info trying registry request attempt 1 at 21:04:22
52 verbose etag "7W850I7O62U2XG7ID3XSL0LQX"
53 http GET https://registry.npmjs.org/array-flatten
54 verbose request where is /cookie
55 verbose request registry https://registry.npmjs.org/
56 verbose url raw /cookie
57 verbose url resolving [ 'https://registry.npmjs.org/', './cookie' ]
58 verbose url resolved https://registry.npmjs.org/cookie
59 verbose request where is https://registry.npmjs.org/cookie
60 info trying registry request attempt 1 at 21:04:22
61 verbose etag "5CQMQI3NV4LK5IGFX0OLCZ155"
62 http GET https://registry.npmjs.org/cookie
63 verbose request where is /cookie-signature
64 verbose request registry https://registry.npmjs.org/
65 verbose url raw /cookie-signature
66 verbose url resolving [ 'https://registry.npmjs.org/', './cookie-signature' ]
67 verbose url resolved https://registry.npmjs.org/cookie-signature
68 verbose request where is https://registry.npmjs.org/cookie-signature
69 info trying registry request attempt 1 at 21:04:22
70 verbose etag "EOGTWQ0TSHZBNF0YLBN7O4FQM"
71 http GET https://registry.npmjs.org/cookie-signature
72 verbose request where is /debug
73 verbose request registry https://registry.npmjs.org/
74 verbose url raw /debug
75 verbose url resolving [ 'https://registry.npmjs.org/', './debug' ]
76 verbose url resolved https://registry.npmjs.org/debug
77 verbose request where is https://registry.npmjs.org/debug
78 info trying registry request attempt 1 at 21:04:22
79 verbose etag "6HJCOWZMECYOGHPCV8I984D94"
80 http GET https://registry.npmjs.org/debug
81 verbose request where is /depd
82 verbose request registry https://registry.npmjs.org/
83 verbose url raw /depd
84 verbose url resolving [ 'https://registry.npmjs.org/', './depd' ]
85 verbose url resolved https://registry.npmjs.org/depd
86 verbose request where is https://registry.npmjs.org/depd
87 info trying registry request attempt 1 at 21:04:22
88 verbose etag "EXES9RDIT31NIDPYYVZ47XB58"
89 http GET https://registry.npmjs.org/depd
90 verbose request where is /escape-html
91 verbose request registry https://registry.npmjs.org/
92 verbose url raw /escape-html
93 verbose url resolving [ 'https://registry.npmjs.org/', './escape-html' ]
94 verbose url resolved https://registry.npmjs.org/escape-html
95 verbose request where is https://registry.npmjs.org/escape-html
96 info trying registry request attempt 1 at 21:04:22
97 verbose etag "3JI2CQLF47WG0R4TOHVV6BZMD"
98 http GET https://registry.npmjs.org/escape-html
99 verbose request where is /etag
100 verbose request registry https://registry.npmjs.org/
101 verbose url raw /etag
102 verbose url resolving [ 'https://registry.npmjs.org/', './etag' ]
103 verbose url resolved https://registry.npmjs.org/etag
104 verbose request where is https://registry.npmjs.org/etag
105 info trying registry request attempt 1 at 21:04:22
106 verbose etag "55SZ57E2UP68EZ1S3AHRQKI7G"
107 http GET https://registry.npmjs.org/etag
108 verbose request where is /finalhandler
109 verbose request registry https://registry.npmjs.org/
110 verbose url raw /finalhandler
111 verbose url resolving [ 'https://registry.npmjs.org/', './finalhandler' ]
112 verbose url resolved https://registry.npmjs.org/finalhandler
113 verbose request where is https://registry.npmjs.org/finalhandler
114 info trying registry request attempt 1 at 21:04:22
115 verbose etag "12CVNI3NU518LYTWTV933VN3L"
116 http GET https://registry.npmjs.org/finalhandler
117 verbose request where is /fresh
118 verbose request registry https://registry.npmjs.org/
119 verbose url raw /fresh
120 verbose url resolving [ 'https://registry.npmjs.org/', './fresh' ]
121 verbose url resolved https://registry.npmjs.org/fresh
122 verbose request where is https://registry.npmjs.org/fresh
123 info trying registry request attempt 1 at 21:04:22
124 verbose etag "5XVCP2SQODMJCE6W6T6L94AF7"
125 http GET https://registry.npmjs.org/fresh
126 verbose request where is /merge-descriptors
127 verbose request registry https://registry.npmjs.org/
128 verbose url raw /merge-descriptors
129 verbose url resolving [ 'https://registry.npmjs.org/', './merge-descriptors' ]
130 verbose url resolved https://registry.npmjs.org/merge-descriptors
131 verbose request where is https://registry.npmjs.org/merge-descriptors
132 info trying registry request attempt 1 at 21:04:22
133 verbose etag "5T89TZ4KLET6KPDNQMVJUF9FS"
134 http GET https://registry.npmjs.org/merge-descriptors
135 verbose request where is /methods
136 verbose request registry https://registry.npmjs.org/
137 verbose url raw /methods
138 verbose url resolving [ 'https://registry.npmjs.org/', './methods' ]
139 verbose url resolved https://registry.npmjs.org/methods
140 verbose request where is https://registry.npmjs.org/methods
141 info trying registry request attempt 1 at 21:04:22
142 verbose etag "CPUAO15XMGVV4PHDMFKSL0TO3"
143 http GET https://registry.npmjs.org/methods
144 verbose request where is /on-finished
145 verbose request registry https://registry.npmjs.org/
146 verbose url raw /on-finished
147 verbose url resolving [ 'https://registry.npmjs.org/', './on-finished' ]
148 verbose url resolved https://registry.npmjs.org/on-finished
149 verbose request where is https://registry.npmjs.org/on-finished
150 info trying registry request attempt 1 at 21:04:22
151 verbose etag "C44T40JT6D1IJCD9FNXBNZP4B"
152 http GET https://registry.npmjs.org/on-finished
153 verbose request where is /parseurl
154 verbose request registry https://registry.npmjs.org/
155 verbose url raw /parseurl
156 verbose url resolving [ 'https://registry.npmjs.org/', './parseurl' ]
157 verbose url resolved https://registry.npmjs.org/parseurl
158 verbose request where is https://registry.npmjs.org/parseurl
159 info trying registry request attempt 1 at 21:04:22
160 verbose etag "257JFNJ8HAK0XVEY2AZW8AKEV"
161 http GET https://registry.npmjs.org/parseurl
162 verbose request where is /path-to-regexp
163 verbose request registry https://registry.npmjs.org/
164 verbose url raw /path-to-regexp
165 verbose url resolving [ 'https://registry.npmjs.org/', './path-to-regexp' ]
166 verbose url resolved https://registry.npmjs.org/path-to-regexp
167 verbose request where is https://registry.npmjs.org/path-to-regexp
168 info trying registry request attempt 1 at 21:04:22
169 verbose etag "D79O2O1S8CAZHV5WZ9HHM57MN"
170 http GET https://registry.npmjs.org/path-to-regexp
171 verbose request where is /proxy-addr
172 verbose request registry https://registry.npmjs.org/
173 verbose url raw /proxy-addr
174 verbose url resolving [ 'https://registry.npmjs.org/', './proxy-addr' ]
175 verbose url resolved https://registry.npmjs.org/proxy-addr
176 verbose request where is https://registry.npmjs.org/proxy-addr
177 info trying registry request attempt 1 at 21:04:22
178 verbose etag "DG8IDFQLTDZBHSQOW0QSJ5L36"
179 http GET https://registry.npmjs.org/proxy-addr
180 verbose request where is /qs
181 verbose request registry https://registry.npmjs.org/
182 verbose url raw /qs
183 verbose url resolving [ 'https://registry.npmjs.org/', './qs' ]
184 verbose url resolved https://registry.npmjs.org/qs
185 verbose request where is https://registry.npmjs.org/qs
186 info trying registry request attempt 1 at 21:04:22
187 verbose etag "1878XXLQFAQNH266IZSW8DP1Q"
188 http GET https://registry.npmjs.org/qs
189 verbose request where is /range-parser
190 verbose request registry https://registry.npmjs.org/
191 verbose url raw /range-parser
192 verbose url resolving [ 'https://registry.npmjs.org/', './range-parser' ]
193 verbose url resolved https://registry.npmjs.org/range-parser
194 verbose request where is https://registry.npmjs.org/range-parser
195 info trying registry request attempt 1 at 21:04:22
196 verbose etag "3LNMXDEPINP8BRLYF8TQXB0MC"
197 http GET https://registry.npmjs.org/range-parser
198 verbose request where is /send
199 verbose request registry https://registry.npmjs.org/
200 verbose url raw /send
201 verbose url resolving [ 'https://registry.npmjs.org/', './send' ]
202 verbose url resolved https://registry.npmjs.org/send
203 verbose request where is https://registry.npmjs.org/send
204 info trying registry request attempt 1 at 21:04:22
205 verbose etag "APVO6G21BQNLG10Z1NYC3J8EZ"
206 http GET https://registry.npmjs.org/send
207 verbose request where is /type-is
208 verbose request registry https://registry.npmjs.org/
209 verbose url raw /type-is
210 verbose url resolving [ 'https://registry.npmjs.org/', './type-is' ]
211 verbose url resolved https://registry.npmjs.org/type-is
212 verbose request where is https://registry.npmjs.org/type-is
213 info trying registry request attempt 1 at 21:04:22
214 verbose etag "5JGQC0CTER1SRBJ1AWYSDHHZO"
215 http GET https://registry.npmjs.org/type-is
216 verbose request where is /utils-merge
217 verbose request registry https://registry.npmjs.org/
218 verbose url raw /utils-merge
219 verbose url resolving [ 'https://registry.npmjs.org/', './utils-merge' ]
220 verbose url resolved https://registry.npmjs.org/utils-merge
221 verbose request where is https://registry.npmjs.org/utils-merge
222 info trying registry request attempt 1 at 21:04:22
223 verbose etag "661YC7D1JLGJPY3Y8F4VKK5N9"
224 http GET https://registry.npmjs.org/utils-merge
225 verbose request where is /serve-static
226 verbose request registry https://registry.npmjs.org/
227 verbose url raw /serve-static
228 verbose url resolving [ 'https://registry.npmjs.org/', './serve-static' ]
229 verbose url resolved https://registry.npmjs.org/serve-static
230 verbose request where is https://registry.npmjs.org/serve-static
231 info trying registry request attempt 1 at 21:04:22
232 verbose etag "ABX4YBBC9HWDL47JS570PPCKV"
233 http GET https://registry.npmjs.org/serve-static
234 verbose request where is /vary
235 verbose request registry https://registry.npmjs.org/
236 verbose url raw /vary
237 verbose url resolving [ 'https://registry.npmjs.org/', './vary' ]
238 verbose url resolved https://registry.npmjs.org/vary
239 verbose request where is https://registry.npmjs.org/vary
240 info trying registry request attempt 1 at 21:04:22
241 verbose etag "3G2HPTV5YCJU1AQWQ9XE7NEWL"
242 http GET https://registry.npmjs.org/vary
243 http 304 https://registry.npmjs.org/array-flatten
244 silly registry.get cb [ 304,
244 silly registry.get   { date: 'Thu, 16 Jul 2015 01:05:35 GMT',
244 silly registry.get     via: '1.1 varnish',
244 silly registry.get     'cache-control': 'max-age=60',
244 silly registry.get     etag: '"7W850I7O62U2XG7ID3XSL0LQX"',
244 silly registry.get     age: '34',
244 silly registry.get     connection: 'keep-alive',
244 silly registry.get     'x-served-by': 'cache-atl6221-ATL',
244 silly registry.get     'x-cache': 'HIT',
244 silly registry.get     'x-cache-hits': '1',
244 silly registry.get     'x-timer': 'S1437008735.134614,VS0,VE1',
244 silly registry.get     vary: 'Accept' } ]
245 verbose etag https://registry.npmjs.org/array-flatten from cache
246 http 304 https://registry.npmjs.org/accepts
247 silly registry.get cb [ 304,
247 silly registry.get   { date: 'Thu, 16 Jul 2015 01:05:35 GMT',
247 silly registry.get     via: '1.1 varnish',
247 silly registry.get     'cache-control': 'max-age=60',
247 silly registry.get     etag: '"3WBGEH36QTM7XCJVNJYSE0UK3"',
247 silly registry.get     age: '53',
247 silly registry.get     connection: 'keep-alive',
247 silly registry.get     'x-served-by': 'cache-atl6225-ATL',
247 silly registry.get     'x-cache': 'HIT',
247 silly registry.get     'x-cache-hits': '1',
247 silly registry.get     'x-timer': 'S1437008735.134971,VS0,VE1',
247 silly registry.get     vary: 'Accept' } ]
248 verbose etag https://registry.npmjs.org/accepts from cache
249 http 304 https://registry.npmjs.org/content-type
250 silly registry.get cb [ 304,
250 silly registry.get   { date: 'Thu, 16 Jul 2015 01:05:35 GMT',
250 silly registry.get     via: '1.1 varnish',
250 silly registry.get     'cache-control': 'max-age=60',
250 silly registry.get     etag: '"8O24AGWIP2HNNPS49I8AYDZS8"',
250 silly registry.get     age: '55',
250 silly registry.get     connection: 'keep-alive',
250 silly registry.get     'x-served-by': 'cache-atl6225-ATL',
250 silly registry.get     'x-cache': 'HIT',
250 silly registry.get     'x-cache-hits': '2',
250 silly registry.get     'x-timer': 'S1437008735.141722,VS0,VE0',
250 silly registry.get     vary: 'Accept' } ]
251 verbose etag https://registry.npmjs.org/content-type from cache
252 http 304 https://registry.npmjs.org/cookie
253 silly registry.get cb [ 304,
253 silly registry.get   { date: 'Thu, 16 Jul 2015 01:05:35 GMT',
253 silly registry.get     via: '1.1 varnish',
253 silly registry.get     'cache-control': 'max-age=60',
253 silly registry.get     etag: '"5CQMQI3NV4LK5IGFX0OLCZ155"',
253 silly registry.get     age: '8',
253 silly registry.get     connection: 'keep-alive',
253 silly registry.get     'x-served-by': 'cache-atl6222-ATL',
253 silly registry.get     'x-cache': 'HIT',
253 silly registry.get     'x-cache-hits': '1',
253 silly registry.get     'x-timer': 'S1437008735.147515,VS0,VE1',
253 silly registry.get     vary: 'Accept' } ]
254 verbose etag https://registry.npmjs.org/cookie from cache
255 http 304 https://registry.npmjs.org/content-disposition
256 silly registry.get cb [ 304,
256 silly registry.get   { date: 'Thu, 16 Jul 2015 01:05:35 GMT',
256 silly registry.get     via: '1.1 varnish',
256 silly registry.get     'cache-control': 'max-age=60',
256 silly registry.get     etag: '"4HK9PDK1U2Z136SHOZ9FNPE0L"',
256 silly registry.get     age: '39',
256 silly registry.get     connection: 'keep-alive',
256 silly registry.get     'x-served-by': 'cache-atl6234-ATL',
256 silly registry.get     'x-cache': 'HIT',
256 silly registry.get     'x-cache-hits': '1',
256 silly registry.get     'x-timer': 'S1437008735.150826,VS0,VE0',
256 silly registry.get     vary: 'Accept' } ]
257 verbose etag https://registry.npmjs.org/content-disposition from cache
258 http 304 https://registry.npmjs.org/cookie-signature
259 silly registry.get cb [ 304,
259 silly registry.get   { date: 'Thu, 16 Jul 2015 01:05:35 GMT',
259 silly registry.get     via: '1.1 varnish',
259 silly registry.get     'cache-control': 'max-age=60',
259 silly registry.get     etag: '"EOGTWQ0TSHZBNF0YLBN7O4FQM"',
259 silly registry.get     age: '58',
259 silly registry.get     connection: 'keep-alive',
259 silly registry.get     'x-served-by': 'cache-atl6221-ATL',
259 silly registry.get     'x-cache': 'HIT',
259 silly registry.get     'x-cache-hits': '2',
259 silly registry.get     'x-timer': 'S1437008735.159181,VS0,VE0',
259 silly registry.get     vary: 'Accept' } ]
260 verbose etag https://registry.npmjs.org/cookie-signature from cache
261 http 304 https://registry.npmjs.org/debug
262 silly registry.get cb [ 304,
262 silly registry.get   { date: 'Thu, 16 Jul 2015 01:05:35 GMT',
262 silly registry.get     via: '1.1 varnish',
262 silly registry.get     'cache-control': 'max-age=60',
262 silly registry.get     etag: '"6HJCOWZMECYOGHPCV8I984D94"',
262 silly registry.get     age: '6',
262 silly registry.get     connection: 'keep-alive',
262 silly registry.get     'x-served-by': 'cache-atl6225-ATL',
262 silly registry.get     'x-cache': 'HIT',
262 silly registry.get     'x-cache-hits': '2',
262 silly registry.get     'x-timer': 'S1437008735.161167,VS0,VE0',
262 silly registry.get     vary: 'Accept' } ]
263 verbose etag https://registry.npmjs.org/debug from cache
264 http 304 https://registry.npmjs.org/depd
265 silly registry.get cb [ 304,
265 silly registry.get   { date: 'Thu, 16 Jul 2015 01:05:35 GMT',
265 silly registry.get     via: '1.1 varnish',
265 silly registry.get     'cache-control': 'max-age=60',
265 silly registry.get     etag: '"EXES9RDIT31NIDPYYVZ47XB58"',
265 silly registry.get     age: '20',
265 silly registry.get     connection: 'keep-alive',
265 silly registry.get     'x-served-by': 'cache-atl6225-ATL',
265 silly registry.get     'x-cache': 'HIT',
265 silly registry.get     'x-cache-hits': '1',
265 silly registry.get     'x-timer': 'S1437008735.166905,VS0,VE1',
265 silly registry.get     vary: 'Accept' } ]
266 verbose etag https://registry.npmjs.org/depd from cache
267 http 304 https://registry.npmjs.org/escape-html
268 silly registry.get cb [ 304,
268 silly registry.get   { date: 'Thu, 16 Jul 2015 01:05:35 GMT',
268 silly registry.get     via: '1.1 varnish',
268 silly registry.get     'cache-control': 'max-age=60',
268 silly registry.get     etag: '"3JI2CQLF47WG0R4TOHVV6BZMD"',
268 silly registry.get     age: '55',
268 silly registry.get     connection: 'keep-alive',
268 silly registry.get     'x-served-by': 'cache-atl6222-ATL',
268 silly registry.get     'x-cache': 'HIT',
268 silly registry.get     'x-cache-hits': '1',
268 silly registry.get     'x-timer': 'S1437008735.175616,VS0,VE0',
268 silly registry.get     vary: 'Accept' } ]
269 verbose etag https://registry.npmjs.org/escape-html from cache
270 verbose request where is /mime-types
271 verbose request registry https://registry.npmjs.org/
272 verbose url raw /mime-types
273 verbose url resolving [ 'https://registry.npmjs.org/', './mime-types' ]
274 verbose url resolved https://registry.npmjs.org/mime-types
275 verbose request where is https://registry.npmjs.org/mime-types
276 info trying registry request attempt 1 at 21:04:22
277 verbose etag "2YM0G5ZSTJ1PUEMIX4FMIS8BG"
278 http GET https://registry.npmjs.org/mime-types
279 verbose request where is /negotiator
280 verbose request registry https://registry.npmjs.org/
281 verbose url raw /negotiator
282 verbose url resolving [ 'https://registry.npmjs.org/', './negotiator' ]
283 verbose url resolved https://registry.npmjs.org/negotiator
284 verbose request where is https://registry.npmjs.org/negotiator
285 info trying registry request attempt 1 at 21:04:22
286 verbose etag "9HZPKRMHEIT20X2PVZ8NFVPD4"
287 http GET https://registry.npmjs.org/negotiator
288 http 304 https://registry.npmjs.org/etag
289 silly registry.get cb [ 304,
289 silly registry.get   { date: 'Thu, 16 Jul 2015 01:05:35 GMT',
289 silly registry.get     via: '1.1 varnish',
289 silly registry.get     'cache-control': 'max-age=60',
289 silly registry.get     etag: '"55SZ57E2UP68EZ1S3AHRQKI7G"',
289 silly registry.get     age: '10',
289 silly registry.get     connection: 'keep-alive',
289 silly registry.get     'x-served-by': 'cache-atl6234-ATL',
289 silly registry.get     'x-cache': 'HIT',
289 silly registry.get     'x-cache-hits': '1',
289 silly registry.get     'x-timer': 'S1437008735.178298,VS0,VE1',
289 silly registry.get     vary: 'Accept' } ]
290 verbose etag https://registry.npmjs.org/etag from cache
291 http 304 https://registry.npmjs.org/finalhandler
292 silly registry.get cb [ 304,
292 silly registry.get   { date: 'Thu, 16 Jul 2015 01:05:35 GMT',
292 silly registry.get     via: '1.1 varnish',
292 silly registry.get     'cache-control': 'max-age=60',
292 silly registry.get     etag: '"12CVNI3NU518LYTWTV933VN3L"',
292 silly registry.get     age: '39',
292 silly registry.get     connection: 'keep-alive',
292 silly registry.get     'x-served-by': 'cache-atl6221-ATL',
292 silly registry.get     'x-cache': 'HIT',
292 silly registry.get     'x-cache-hits': '124',
292 silly registry.get     'x-timer': 'S1437008735.186360,VS0,VE0',
292 silly registry.get     vary: 'Accept' } ]
293 verbose etag https://registry.npmjs.org/finalhandler from cache
294 http 304 https://registry.npmjs.org/merge-descriptors
295 silly registry.get cb [ 304,
295 silly registry.get   { date: 'Thu, 16 Jul 2015 01:05:35 GMT',
295 silly registry.get     via: '1.1 varnish',
295 silly registry.get     'cache-control': 'max-age=60',
295 silly registry.get     etag: '"5T89TZ4KLET6KPDNQMVJUF9FS"',
295 silly registry.get     age: '39',
295 silly registry.get     connection: 'keep-alive',
295 silly registry.get     'x-served-by': 'cache-atl6225-ATL',
295 silly registry.get     'x-cache': 'HIT',
295 silly registry.get     'x-cache-hits': '1',
295 silly registry.get     'x-timer': 'S1437008735.194240,VS0,VE1',
295 silly registry.get     vary: 'Accept' } ]
296 verbose etag https://registry.npmjs.org/merge-descriptors from cache
297 verbose request where is /ms
298 verbose request registry https://registry.npmjs.org/
299 verbose url raw /ms
300 verbose url resolving [ 'https://registry.npmjs.org/', './ms' ]
301 verbose url resolved https://registry.npmjs.org/ms
302 verbose request where is https://registry.npmjs.org/ms
303 info trying registry request attempt 1 at 21:04:22
304 verbose etag "424X2DEQTCX34GV3Q8X3121YB"
305 http GET https://registry.npmjs.org/ms
306 http 304 https://registry.npmjs.org/fresh
307 silly registry.get cb [ 304,
307 silly registry.get   { date: 'Thu, 16 Jul 2015 01:05:35 GMT',
307 silly registry.get     via: '1.1 varnish',
307 silly registry.get     'cache-control': 'max-age=60',
307 silly registry.get     etag: '"5XVCP2SQODMJCE6W6T6L94AF7"',
307 silly registry.get     age: '39',
307 silly registry.get     connection: 'keep-alive',
307 silly registry.get     'x-served-by': 'cache-atl6225-ATL',
307 silly registry.get     'x-cache': 'HIT',
307 silly registry.get     'x-cache-hits': '1',
307 silly registry.get     'x-timer': 'S1437008735.196987,VS0,VE1',
307 silly registry.get     vary: 'Accept' } ]
308 verbose etag https://registry.npmjs.org/fresh from cache
309 http 304 https://registry.npmjs.org/methods
310 silly registry.get cb [ 304,
310 silly registry.get   { date: 'Thu, 16 Jul 2015 01:05:35 GMT',
310 silly registry.get     via: '1.1 varnish',
310 silly registry.get     'cache-control': 'max-age=60',
310 silly registry.get     etag: '"CPUAO15XMGVV4PHDMFKSL0TO3"',
310 silly registry.get     age: '20',
310 silly registry.get     connection: 'keep-alive',
310 silly registry.get     'x-served-by': 'cache-atl6222-ATL',
310 silly registry.get     'x-cache': 'HIT',
310 silly registry.get     'x-cache-hits': '1',
310 silly registry.get     'x-timer': 'S1437008735.203720,VS0,VE1',
310 silly registry.get     vary: 'Accept' } ]
311 verbose etag https://registry.npmjs.org/methods from cache
312 http 304 https://registry.npmjs.org/parseurl
313 silly registry.get cb [ 304,
313 silly registry.get   { date: 'Thu, 16 Jul 2015 01:05:35 GMT',
313 silly registry.get     via: '1.1 varnish',
313 silly registry.get     'cache-control': 'max-age=60',
313 silly registry.get     etag: '"257JFNJ8HAK0XVEY2AZW8AKEV"',
313 silly registry.get     age: '24',
313 silly registry.get     connection: 'keep-alive',
313 silly registry.get     'x-served-by': 'cache-atl6221-ATL',
313 silly registry.get     'x-cache': 'HIT',
313 silly registry.get     'x-cache-hits': '2',
313 silly registry.get     'x-timer': 'S1437008735.211281,VS0,VE0',
313 silly registry.get     vary: 'Accept' } ]
314 verbose etag https://registry.npmjs.org/parseurl from cache
315 verbose registry.get https://registry.npmjs.org/debug not expired, no request
316 verbose request where is /on-finished
317 verbose request registry https://registry.npmjs.org/
318 verbose url raw /on-finished
319 verbose url resolving [ 'https://registry.npmjs.org/', './on-finished' ]
320 verbose url resolved https://registry.npmjs.org/on-finished
321 verbose request where is https://registry.npmjs.org/on-finished
322 info trying registry request attempt 1 at 21:04:22
323 verbose etag "C44T40JT6D1IJCD9FNXBNZP4B"
324 http GET https://registry.npmjs.org/on-finished
325 verbose request where is /unpipe
326 verbose request registry https://registry.npmjs.org/
327 verbose url raw /unpipe
328 verbose url resolving [ 'https://registry.npmjs.org/', './unpipe' ]
329 verbose url resolved https://registry.npmjs.org/unpipe
330 verbose request where is https://registry.npmjs.org/unpipe
331 info trying registry request attempt 1 at 21:04:22
332 verbose etag "CUYWL81QRNALZ6DFGKEASW9Q0"
333 http GET https://registry.npmjs.org/unpipe
334 verbose registry.get https://registry.npmjs.org/escape-html not expired, no request
335 http 304 https://registry.npmjs.org/path-to-regexp
336 silly registry.get cb [ 304,
336 silly registry.get   { date: 'Thu, 16 Jul 2015 01:05:35 GMT',
336 silly registry.get     via: '1.1 varnish',
336 silly registry.get     'cache-control': 'max-age=60',
336 silly registry.get     etag: '"D79O2O1S8CAZHV5WZ9HHM57MN"',
336 silly registry.get     age: '8',
336 silly registry.get     connection: 'keep-alive',
336 silly registry.get     'x-served-by': 'cache-atl6225-ATL',
336 silly registry.get     'x-cache': 'HIT',
336 silly registry.get     'x-cache-hits': '1',
336 silly registry.get     'x-timer': 'S1437008735.221659,VS0,VE2',
336 silly registry.get     vary: 'Accept' } ]
337 verbose etag https://registry.npmjs.org/path-to-regexp from cache
338 http 304 https://registry.npmjs.org/on-finished
339 silly registry.get cb [ 304,
339 silly registry.get   { date: 'Thu, 16 Jul 2015 01:05:35 GMT',
339 silly registry.get     via: '1.1 varnish',
339 silly registry.get     'cache-control': 'max-age=60',
339 silly registry.get     etag: '"C44T40JT6D1IJCD9FNXBNZP4B"',
339 silly registry.get     age: '24',
339 silly registry.get     connection: 'keep-alive',
339 silly registry.get     'x-served-by': 'cache-atl6234-ATL',
339 silly registry.get     'x-cache': 'HIT',
339 silly registry.get     'x-cache-hits': '1',
339 silly registry.get     'x-timer': 'S1437008735.210840,VS0,VE14',
339 silly registry.get     vary: 'Accept' } ]
340 verbose etag https://registry.npmjs.org/on-finished from cache
341 http 304 https://registry.npmjs.org/proxy-addr
342 silly registry.get cb [ 304,
342 silly registry.get   { date: 'Thu, 16 Jul 2015 01:05:35 GMT',
342 silly registry.get     via: '1.1 varnish',
342 silly registry.get     'cache-control': 'max-age=60',
342 silly registry.get     etag: '"DG8IDFQLTDZBHSQOW0QSJ5L36"',
342 silly registry.get     age: '39',
342 silly registry.get     connection: 'keep-alive',
342 silly registry.get     'x-served-by': 'cache-atl6225-ATL',
342 silly registry.get     'x-cache': 'HIT',
342 silly registry.get     'x-cache-hits': '2',
342 silly registry.get     'x-timer': 'S1437008735.228525,VS0,VE0',
342 silly registry.get     vary: 'Accept' } ]
343 verbose etag https://registry.npmjs.org/proxy-addr from cache
344 http 304 https://registry.npmjs.org/qs
345 silly registry.get cb [ 304,
345 silly registry.get   { date: 'Thu, 16 Jul 2015 01:05:35 GMT',
345 silly registry.get     via: '1.1 varnish',
345 silly registry.get     'cache-control': 'max-age=60',
345 silly registry.get     etag: '"1878XXLQFAQNH266IZSW8DP1Q"',
345 silly registry.get     age: '45',
345 silly registry.get     connection: 'keep-alive',
345 silly registry.get     'x-served-by': 'cache-atl6222-ATL',
345 silly registry.get     'x-cache': 'HIT',
345 silly registry.get     'x-cache-hits': '4',
345 silly registry.get     'x-timer': 'S1437008735.236494,VS0,VE0',
345 silly registry.get     vary: 'Accept' } ]
346 verbose etag https://registry.npmjs.org/qs from cache
347 http 304 https://registry.npmjs.org/range-parser
348 silly registry.get cb [ 304,
348 silly registry.get   { date: 'Thu, 16 Jul 2015 01:05:35 GMT',
348 silly registry.get     via: '1.1 varnish',
348 silly registry.get     'cache-control': 'max-age=60',
348 silly registry.get     etag: '"3LNMXDEPINP8BRLYF8TQXB0MC"',
348 silly registry.get     age: '52',
348 silly registry.get     connection: 'keep-alive',
348 silly registry.get     'x-served-by': 'cache-atl6221-ATL',
348 silly registry.get     'x-cache': 'HIT',
348 silly registry.get     'x-cache-hits': '3',
348 silly registry.get     'x-timer': 'S1437008735.236541,VS0,VE0',
348 silly registry.get     vary: 'Accept' } ]
349 verbose etag https://registry.npmjs.org/range-parser from cache
350 verbose request where is /ee-first
351 verbose request registry https://registry.npmjs.org/
352 verbose url raw /ee-first
353 verbose url resolving [ 'https://registry.npmjs.org/', './ee-first' ]
354 verbose url resolved https://registry.npmjs.org/ee-first
355 verbose request where is https://registry.npmjs.org/ee-first
356 info trying registry request attempt 1 at 21:04:22
357 verbose etag "28AY4PMFXJHG8YALE6QZHIRHL"
358 http GET https://registry.npmjs.org/ee-first
359 http 304 https://registry.npmjs.org/send
360 silly registry.get cb [ 304,
360 silly registry.get   { date: 'Thu, 16 Jul 2015 01:05:35 GMT',
360 silly registry.get     via: '1.1 varnish',
360 silly registry.get     'cache-control': 'max-age=60',
360 silly registry.get     etag: '"APVO6G21BQNLG10Z1NYC3J8EZ"',
360 silly registry.get     age: '10',
360 silly registry.get     connection: 'keep-alive',
360 silly registry.get     'x-served-by': 'cache-atl6225-ATL',
360 silly registry.get     'x-cache': 'HIT',
360 silly registry.get     'x-cache-hits': '1',
360 silly registry.get     'x-timer': 'S1437008735.251662,VS0,VE1',
360 silly registry.get     vary: 'Accept' } ]
361 verbose etag https://registry.npmjs.org/send from cache
362 http 304 https://registry.npmjs.org/utils-merge
363 silly registry.get cb [ 304,
363 silly registry.get   { date: 'Thu, 16 Jul 2015 01:05:35 GMT',
363 silly registry.get     via: '1.1 varnish',
363 silly registry.get     'cache-control': 'max-age=60',
363 silly registry.get     etag: '"661YC7D1JLGJPY3Y8F4VKK5N9"',
363 silly registry.get     age: '46',
363 silly registry.get     connection: 'keep-alive',
363 silly registry.get     'x-served-by': 'cache-atl6225-ATL',
363 silly registry.get     'x-cache': 'HIT',
363 silly registry.get     'x-cache-hits': '1',
363 silly registry.get     'x-timer': 'S1437008735.253796,VS0,VE0',
363 silly registry.get     vary: 'Accept' } ]
364 verbose etag https://registry.npmjs.org/utils-merge from cache
365 http 304 https://registry.npmjs.org/vary
366 silly registry.get cb [ 304,
366 silly registry.get   { date: 'Thu, 16 Jul 2015 01:05:35 GMT',
366 silly registry.get     via: '1.1 varnish',
366 silly registry.get     'cache-control': 'max-age=60',
366 silly registry.get     etag: '"3G2HPTV5YCJU1AQWQ9XE7NEWL"',
366 silly registry.get     age: '53',
366 silly registry.get     connection: 'keep-alive',
366 silly registry.get     'x-served-by': 'cache-atl6221-ATL',
366 silly registry.get     'x-cache': 'HIT',
366 silly registry.get     'x-cache-hits': '2',
366 silly registry.get     'x-timer': 'S1437008735.259375,VS0,VE0',
366 silly registry.get     vary: 'Accept' } ]
367 verbose etag https://registry.npmjs.org/vary from cache
368 http 304 https://registry.npmjs.org/type-is
369 silly registry.get cb [ 304,
369 silly registry.get   { date: 'Thu, 16 Jul 2015 01:05:35 GMT',
369 silly registry.get     via: '1.1 varnish',
369 silly registry.get     'cache-control': 'max-age=60',
369 silly registry.get     etag: '"5JGQC0CTER1SRBJ1AWYSDHHZO"',
369 silly registry.get     age: '59',
369 silly registry.get     connection: 'keep-alive',
369 silly registry.get     'x-served-by': 'cache-atl6234-ATL',
369 silly registry.get     'x-cache': 'HIT',
369 silly registry.get     'x-cache-hits': '1',
369 silly registry.get     'x-timer': 'S1437008735.255705,VS0,VE2',
369 silly registry.get     vary: 'Accept' } ]
370 verbose etag https://registry.npmjs.org/type-is from cache
371 verbose request where is /forwarded
372 verbose request registry https://registry.npmjs.org/
373 verbose url raw /forwarded
374 verbose url resolving [ 'https://registry.npmjs.org/', './forwarded' ]
375 verbose url resolved https://registry.npmjs.org/forwarded
376 verbose request where is https://registry.npmjs.org/forwarded
377 info trying registry request attempt 1 at 21:04:22
378 verbose etag "37C9KUUCDQITWEE3K2LHBV4TK"
379 http GET https://registry.npmjs.org/forwarded
380 verbose request where is /ipaddr.js
381 verbose request registry https://registry.npmjs.org/
382 verbose url raw /ipaddr.js
383 verbose url resolving [ 'https://registry.npmjs.org/', './ipaddr.js' ]
384 verbose url resolved https://registry.npmjs.org/ipaddr.js
385 verbose request where is https://registry.npmjs.org/ipaddr.js
386 info trying registry request attempt 1 at 21:04:22
387 verbose etag "4VAM8D51JA4NSXTO9Y9ILMWF1"
388 http GET https://registry.npmjs.org/ipaddr.js
389 http 304 https://registry.npmjs.org/serve-static
390 silly registry.get cb [ 304,
390 silly registry.get   { date: 'Thu, 16 Jul 2015 01:05:35 GMT',
390 silly registry.get     via: '1.1 varnish',
390 silly registry.get     'cache-control': 'max-age=60',
390 silly registry.get     etag: '"ABX4YBBC9HWDL47JS570PPCKV"',
390 silly registry.get     age: '23',
390 silly registry.get     connection: 'keep-alive',
390 silly registry.get     'x-served-by': 'cache-atl6222-ATL',
390 silly registry.get     'x-cache': 'HIT',
390 silly registry.get     'x-cache-hits': '1',
390 silly registry.get     'x-timer': 'S1437008735.260995,VS0,VE1',
390 silly registry.get     vary: 'Accept' } ]
391 verbose etag https://registry.npmjs.org/serve-static from cache
392 http 304 https://registry.npmjs.org/mime-types
393 silly registry.get cb [ 304,
393 silly registry.get   { date: 'Thu, 16 Jul 2015 01:05:35 GMT',
393 silly registry.get     via: '1.1 varnish',
393 silly registry.get     'cache-control': 'max-age=60',
393 silly registry.get     etag: '"2YM0G5ZSTJ1PUEMIX4FMIS8BG"',
393 silly registry.get     age: '18',
393 silly registry.get     connection: 'keep-alive',
393 silly registry.get     'x-served-by': 'cache-atl6225-ATL',
393 silly registry.get     'x-cache': 'HIT',
393 silly registry.get     'x-cache-hits': '2',
393 silly registry.get     'x-timer': 'S1437008735.279305,VS0,VE0',
393 silly registry.get     vary: 'Accept' } ]
394 verbose etag https://registry.npmjs.org/mime-types from cache
395 http 304 https://registry.npmjs.org/negotiator
396 silly registry.get cb [ 304,
396 silly registry.get   { date: 'Thu, 16 Jul 2015 01:05:35 GMT',
396 silly registry.get     via: '1.1 varnish',
396 silly registry.get     'cache-control': 'max-age=60',
396 silly registry.get     etag: '"9HZPKRMHEIT20X2PVZ8NFVPD4"',
396 silly registry.get     age: '6',
396 silly registry.get     connection: 'keep-alive',
396 silly registry.get     'x-served-by': 'cache-atl6225-ATL',
396 silly registry.get     'x-cache': 'HIT',
396 silly registry.get     'x-cache-hits': '1',
396 silly registry.get     'x-timer': 'S1437008735.280665,VS0,VE1',
396 silly registry.get     vary: 'Accept' } ]
397 verbose etag https://registry.npmjs.org/negotiator from cache
398 http 304 https://registry.npmjs.org/ms
399 silly registry.get cb [ 304,
399 silly registry.get   { date: 'Thu, 16 Jul 2015 01:05:35 GMT',
399 silly registry.get     via: '1.1 varnish',
399 silly registry.get     'cache-control': 'max-age=60',
399 silly registry.get     etag: '"424X2DEQTCX34GV3Q8X3121YB"',
399 silly registry.get     age: '11',
399 silly registry.get     connection: 'keep-alive',
399 silly registry.get     'x-served-by': 'cache-atl6221-ATL',
399 silly registry.get     'x-cache': 'HIT',
399 silly registry.get     'x-cache-hits': '2',
399 silly registry.get     'x-timer': 'S1437008735.283972,VS0,VE0',
399 silly registry.get     vary: 'Accept' } ]
400 verbose etag https://registry.npmjs.org/ms from cache
401 http 304 https://registry.npmjs.org/on-finished
402 silly registry.get cb [ 304,
402 silly registry.get   { date: 'Thu, 16 Jul 2015 01:05:35 GMT',
402 silly registry.get     via: '1.1 varnish',
402 silly registry.get     'cache-control': 'max-age=60',
402 silly registry.get     etag: '"C44T40JT6D1IJCD9FNXBNZP4B"',
402 silly registry.get     age: '24',
402 silly registry.get     connection: 'keep-alive',
402 silly registry.get     'x-served-by': 'cache-atl6234-ATL',
402 silly registry.get     'x-cache': 'HIT',
402 silly registry.get     'x-cache-hits': '2',
402 silly registry.get     'x-timer': 'S1437008735.287016,VS0,VE0',
402 silly registry.get     vary: 'Accept' } ]
403 verbose etag https://registry.npmjs.org/on-finished from cache
404 http 304 https://registry.npmjs.org/unpipe
405 silly registry.get cb [ 304,
405 silly registry.get   { date: 'Thu, 16 Jul 2015 01:05:35 GMT',
405 silly registry.get     via: '1.1 varnish',
405 silly registry.get     'cache-control': 'max-age=60',
405 silly registry.get     etag: '"CUYWL81QRNALZ6DFGKEASW9Q0"',
405 silly registry.get     age: '11',
405 silly registry.get     connection: 'keep-alive',
405 silly registry.get     'x-served-by': 'cache-atl6222-ATL',
405 silly registry.get     'x-cache': 'HIT',
405 silly registry.get     'x-cache-hits': '2',
405 silly registry.get     'x-timer': 'S1437008735.292764,VS0,VE0',
405 silly registry.get     vary: 'Accept' } ]
406 verbose etag https://registry.npmjs.org/unpipe from cache
407 verbose registry.get https://registry.npmjs.org/escape-html not expired, no request
408 verbose registry.get https://registry.npmjs.org/parseurl not expired, no request
409 verbose registry.get https://registry.npmjs.org/send not expired, no request
410 http 304 https://registry.npmjs.org/ipaddr.js
411 silly registry.get cb [ 304,
411 silly registry.get   { date: 'Thu, 16 Jul 2015 01:05:35 GMT',
411 silly registry.get     via: '1.1 varnish',
411 silly registry.get     'cache-control': 'max-age=60',
411 silly registry.get     etag: '"4VAM8D51JA4NSXTO9Y9ILMWF1"',
411 silly registry.get     age: '6',
411 silly registry.get     connection: 'keep-alive',
411 silly registry.get     'x-served-by': 'cache-atl6221-ATL',
411 silly registry.get     'x-cache': 'HIT',
411 silly registry.get     'x-cache-hits': '2',
411 silly registry.get     'x-timer': 'S1437008735.321686,VS0,VE0',
411 silly registry.get     vary: 'Accept' } ]
412 verbose etag https://registry.npmjs.org/ipaddr.js from cache
413 http 304 https://registry.npmjs.org/ee-first
414 silly registry.get cb [ 304,
414 silly registry.get   { date: 'Thu, 16 Jul 2015 01:05:35 GMT',
414 silly registry.get     via: '1.1 varnish',
414 silly registry.get     'cache-control': 'max-age=60',
414 silly registry.get     etag: '"28AY4PMFXJHG8YALE6QZHIRHL"',
414 silly registry.get     age: '6',
414 silly registry.get     connection: 'keep-alive',
414 silly registry.get     'x-served-by': 'cache-atl6225-ATL',
414 silly registry.get     'x-cache': 'HIT',
414 silly registry.get     'x-cache-hits': '1',
414 silly registry.get     'x-timer': 'S1437008735.318982,VS0,VE1',
414 silly registry.get     vary: 'Accept' } ]
415 verbose etag https://registry.npmjs.org/ee-first from cache
416 http 304 https://registry.npmjs.org/forwarded
417 silly registry.get cb [ 304,
417 silly registry.get   { date: 'Thu, 16 Jul 2015 01:05:35 GMT',
417 silly registry.get     via: '1.1 varnish',
417 silly registry.get     'cache-control': 'max-age=60',
417 silly registry.get     etag: '"37C9KUUCDQITWEE3K2LHBV4TK"',
417 silly registry.get     age: '44',
417 silly registry.get     connection: 'keep-alive',
417 silly registry.get     'x-served-by': 'cache-atl6225-ATL',
417 silly registry.get     'x-cache': 'HIT',
417 silly registry.get     'x-cache-hits': '2',
417 silly registry.get     'x-timer': 'S1437008735.321465,VS0,VE0',
417 silly registry.get     vary: 'Accept' } ]
418 verbose etag https://registry.npmjs.org/forwarded from cache
419 verbose registry.get https://registry.npmjs.org/debug not expired, no request
420 verbose registry.get https://registry.npmjs.org/depd not expired, no request
421 verbose request where is /destroy
422 verbose request registry https://registry.npmjs.org/
423 verbose url raw /destroy
424 verbose url resolving [ 'https://registry.npmjs.org/', './destroy' ]
425 verbose url resolved https://registry.npmjs.org/destroy
426 verbose request where is https://registry.npmjs.org/destroy
427 info trying registry request attempt 1 at 21:04:22
428 verbose etag "9IP2CCOQSKNSZL557UODSGT2O"
429 http GET https://registry.npmjs.org/destroy
430 verbose registry.get https://registry.npmjs.org/escape-html not expired, no request
431 verbose registry.get https://registry.npmjs.org/etag not expired, no request
432 verbose registry.get https://registry.npmjs.org/fresh not expired, no request
433 verbose request where is /http-errors
434 verbose request registry https://registry.npmjs.org/
435 verbose url raw /http-errors
436 verbose url resolving [ 'https://registry.npmjs.org/', './http-errors' ]
437 verbose url resolved https://registry.npmjs.org/http-errors
438 verbose request where is https://registry.npmjs.org/http-errors
439 info trying registry request attempt 1 at 21:04:22
440 verbose etag "SXH43K3HIBV84M1DG2Y3Y70Q"
441 http GET https://registry.npmjs.org/http-errors
442 verbose request where is /mime
443 verbose request registry https://registry.npmjs.org/
444 verbose url raw /mime
445 verbose url resolving [ 'https://registry.npmjs.org/', './mime' ]
446 verbose url resolved https://registry.npmjs.org/mime
447 verbose request where is https://registry.npmjs.org/mime
448 info trying registry request attempt 1 at 21:04:22
449 verbose etag "9JS3IKM2X7UTFSEI7F1H59VDH"
450 http GET https://registry.npmjs.org/mime
451 verbose request where is /ms
452 verbose request registry https://registry.npmjs.org/
453 verbose url raw /ms
454 verbose url resolving [ 'https://registry.npmjs.org/', './ms' ]
455 verbose url resolved https://registry.npmjs.org/ms
456 verbose request where is https://registry.npmjs.org/ms
457 info trying registry request attempt 1 at 21:04:22
458 http GET https://registry.npmjs.org/ms
459 verbose registry.get https://registry.npmjs.org/range-parser not expired, no request
460 verbose request where is /statuses
461 verbose request registry https://registry.npmjs.org/
462 verbose url raw /statuses
463 verbose url resolving [ 'https://registry.npmjs.org/', './statuses' ]
464 verbose url resolved https://registry.npmjs.org/statuses
465 verbose request where is https://registry.npmjs.org/statuses
466 info trying registry request attempt 1 at 21:04:22
467 verbose etag "DBWZSA8GI6L8CNTRFYQ7KFMMA"
468 http GET https://registry.npmjs.org/statuses
469 verbose request where is /media-typer
470 verbose request registry https://registry.npmjs.org/
471 verbose url raw /media-typer
472 verbose url resolving [ 'https://registry.npmjs.org/', './media-typer' ]
473 verbose url resolved https://registry.npmjs.org/media-typer
474 verbose request where is https://registry.npmjs.org/media-typer
475 info trying registry request attempt 1 at 21:04:22
476 verbose etag "EBBA17SMBE80K6FCTCN6G8KK3"
477 http GET https://registry.npmjs.org/media-typer
478 verbose registry.get https://registry.npmjs.org/mime-types not expired, no request
479 verbose registry.get https://registry.npmjs.org/on-finished not expired, no request
480 verbose request where is /mime-db
481 verbose request registry https://registry.npmjs.org/
482 verbose url raw /mime-db
483 verbose url resolving [ 'https://registry.npmjs.org/', './mime-db' ]
484 verbose url resolved https://registry.npmjs.org/mime-db
485 verbose request where is https://registry.npmjs.org/mime-db
486 info trying registry request attempt 1 at 21:04:22
487 verbose etag "1422MOQS6K5G1783DFU5UQWKS"
488 http GET https://registry.npmjs.org/mime-db
489 verbose request where is /mime-db
490 verbose request registry https://registry.npmjs.org/
491 verbose url raw /mime-db
492 verbose url resolving [ 'https://registry.npmjs.org/', './mime-db' ]
493 verbose url resolved https://registry.npmjs.org/mime-db
494 verbose request where is https://registry.npmjs.org/mime-db
495 info trying registry request attempt 1 at 21:04:22
496 verbose etag "1422MOQS6K5G1783DFU5UQWKS"
497 http GET https://registry.npmjs.org/mime-db
498 http 304 https://registry.npmjs.org/http-errors
499 silly registry.get cb [ 304,
499 silly registry.get   { date: 'Thu, 16 Jul 2015 01:05:35 GMT',
499 silly registry.get     via: '1.1 varnish',
499 silly registry.get     'cache-control': 'max-age=60',
499 silly registry.get     etag: '"SXH43K3HIBV84M1DG2Y3Y70Q"',
499 silly registry.get     age: '29',
499 silly registry.get     connection: 'keep-alive',
499 silly registry.get     'x-served-by': 'cache-iad2134-IAD',
499 silly registry.get     'x-cache': 'HIT',
499 silly registry.get     'x-cache-hits': '1',
499 silly registry.get     'x-timer': 'S1437008735.426384,VS0,VE0',
499 silly registry.get     vary: 'Accept' } ]
500 verbose etag https://registry.npmjs.org/http-errors from cache
501 http 304 https://registry.npmjs.org/destroy
502 silly registry.get cb [ 304,
502 silly registry.get   { date: 'Thu, 16 Jul 2015 01:05:35 GMT',
502 silly registry.get     via: '1.1 varnish',
502 silly registry.get     'cache-control': 'max-age=60',
502 silly registry.get     etag: '"9IP2CCOQSKNSZL557UODSGT2O"',
502 silly registry.get     age: '47',
502 silly registry.get     connection: 'keep-alive',
502 silly registry.get     'x-served-by': 'cache-iad2139-IAD',
502 silly registry.get     'x-cache': 'HIT',
502 silly registry.get     'x-cache-hits': '2',
502 silly registry.get     'x-timer': 'S1437008735.427198,VS0,VE0',
502 silly registry.get     vary: 'Accept' } ]
503 verbose etag https://registry.npmjs.org/destroy from cache
504 http 304 https://registry.npmjs.org/mime
505 silly registry.get cb [ 304,
505 silly registry.get   { date: 'Thu, 16 Jul 2015 01:05:35 GMT',
505 silly registry.get     via: '1.1 varnish',
505 silly registry.get     'cache-control': 'max-age=60',
505 silly registry.get     etag: '"9JS3IKM2X7UTFSEI7F1H59VDH"',
505 silly registry.get     age: '1',
505 silly registry.get     connection: 'keep-alive',
505 silly registry.get     'x-served-by': 'cache-iad2140-IAD',
505 silly registry.get     'x-cache': 'HIT',
505 silly registry.get     'x-cache-hits': '1',
505 silly registry.get     'x-timer': 'S1437008735.429682,VS0,VE0',
505 silly registry.get     vary: 'Accept' } ]
506 verbose etag https://registry.npmjs.org/mime from cache
507 http 304 https://registry.npmjs.org/media-typer
508 silly registry.get cb [ 304,
508 silly registry.get   { date: 'Thu, 16 Jul 2015 01:05:35 GMT',
508 silly registry.get     via: '1.1 varnish',
508 silly registry.get     'cache-control': 'max-age=60',
508 silly registry.get     etag: '"EBBA17SMBE80K6FCTCN6G8KK3"',
508 silly registry.get     age: '25',
508 silly registry.get     connection: 'keep-alive',
508 silly registry.get     'x-served-by': 'cache-iad2134-IAD',
508 silly registry.get     'x-cache': 'HIT',
508 silly registry.get     'x-cache-hits': '1',
508 silly registry.get     'x-timer': 'S1437008735.438941,VS0,VE0',
508 silly registry.get     vary: 'Accept' } ]
509 verbose etag https://registry.npmjs.org/media-typer from cache
510 http 200 https://registry.npmjs.org/ms
511 silly registry.get cb [ 200,
511 silly registry.get   { server: 'CouchDB/1.5.0 (Erlang OTP/R16B03)',
511 silly registry.get     etag: '"424X2DEQTCX34GV3Q8X3121YB"',
511 silly registry.get     'content-type': 'application/json',
511 silly registry.get     'cache-control': 'max-age=60',
511 silly registry.get     'content-length': '8407',
511 silly registry.get     'accept-ranges': 'bytes',
511 silly registry.get     date: 'Thu, 16 Jul 2015 01:05:35 GMT',
511 silly registry.get     via: '1.1 varnish',
511 silly registry.get     age: '36',
511 silly registry.get     connection: 'keep-alive',
511 silly registry.get     'x-served-by': 'cache-iad2131-IAD',
511 silly registry.get     'x-cache': 'HIT',
511 silly registry.get     'x-cache-hits': '2',
511 silly registry.get     'x-timer': 'S1437008735.441161,VS0,VE0',
511 silly registry.get     vary: 'Accept' } ]
512 http 304 https://registry.npmjs.org/statuses
513 silly registry.get cb [ 304,
513 silly registry.get   { date: 'Thu, 16 Jul 2015 01:05:35 GMT',
513 silly registry.get     via: '1.1 varnish',
513 silly registry.get     'cache-control': 'max-age=60',
513 silly registry.get     etag: '"DBWZSA8GI6L8CNTRFYQ7KFMMA"',
513 silly registry.get     age: '33',
513 silly registry.get     connection: 'keep-alive',
513 silly registry.get     'x-served-by': 'cache-iad2131-IAD',
513 silly registry.get     'x-cache': 'HIT',
513 silly registry.get     'x-cache-hits': '1',
513 silly registry.get     'x-timer': 'S1437008735.444420,VS0,VE0',
513 silly registry.get     vary: 'Accept' } ]
514 verbose etag https://registry.npmjs.org/statuses from cache
515 http 304 https://registry.npmjs.org/mime-db
516 silly registry.get cb [ 304,
516 silly registry.get   { date: 'Thu, 16 Jul 2015 01:05:35 GMT',
516 silly registry.get     via: '1.1 varnish',
516 silly registry.get     'cache-control': 'max-age=60',
516 silly registry.get     etag: '"1422MOQS6K5G1783DFU5UQWKS"',
516 silly registry.get     age: '49',
516 silly registry.get     connection: 'keep-alive',
516 silly registry.get     'x-served-by': 'cache-iad2139-IAD',
516 silly registry.get     'x-cache': 'HIT',
516 silly registry.get     'x-cache-hits': '1077',
516 silly registry.get     'x-timer': 'S1437008735.440066,VS0,VE0',
516 silly registry.get     vary: 'Accept' } ]
517 verbose etag https://registry.npmjs.org/mime-db from cache
518 http 304 https://registry.npmjs.org/mime-db
519 silly registry.get cb [ 304,
519 silly registry.get   { date: 'Thu, 16 Jul 2015 01:05:35 GMT',
519 silly registry.get     via: '1.1 varnish',
519 silly registry.get     'cache-control': 'max-age=60',
519 silly registry.get     etag: '"1422MOQS6K5G1783DFU5UQWKS"',
519 silly registry.get     age: '49',
519 silly registry.get     connection: 'keep-alive',
519 silly registry.get     'x-served-by': 'cache-iad2140-IAD',
519 silly registry.get     'x-cache': 'HIT',
519 silly registry.get     'x-cache-hits': '2',
519 silly registry.get     'x-timer': 'S1437008735.444082,VS0,VE0',
519 silly registry.get     vary: 'Accept' } ]
520 verbose etag https://registry.npmjs.org/mime-db from cache
521 verbose request where is /inherits
522 verbose request registry https://registry.npmjs.org/
523 verbose url raw /inherits
524 verbose url resolving [ 'https://registry.npmjs.org/', './inherits' ]
525 verbose url resolved https://registry.npmjs.org/inherits
526 verbose request where is https://registry.npmjs.org/inherits
527 info trying registry request attempt 1 at 21:04:22
528 verbose etag "DPT0HCFHSA8NG4H8MNHKEH1FI"
529 http GET https://registry.npmjs.org/inherits
530 verbose request where is /statuses
531 verbose request registry https://registry.npmjs.org/
532 verbose url raw /statuses
533 verbose url resolving [ 'https://registry.npmjs.org/', './statuses' ]
534 verbose url resolved https://registry.npmjs.org/statuses
535 verbose request where is https://registry.npmjs.org/statuses
536 info trying registry request attempt 1 at 21:04:22
537 verbose etag "DBWZSA8GI6L8CNTRFYQ7KFMMA"
538 http GET https://registry.npmjs.org/statuses
539 http 304 https://registry.npmjs.org/inherits
540 silly registry.get cb [ 304,
540 silly registry.get   { date: 'Thu, 16 Jul 2015 01:05:35 GMT',
540 silly registry.get     via: '1.1 varnish',
540 silly registry.get     'cache-control': 'max-age=60',
540 silly registry.get     etag: '"DPT0HCFHSA8NG4H8MNHKEH1FI"',
540 silly registry.get     age: '6',
540 silly registry.get     connection: 'keep-alive',
540 silly registry.get     'x-served-by': 'cache-iad2129-IAD',
540 silly registry.get     'x-cache': 'HIT',
540 silly registry.get     'x-cache-hits': '1',
540 silly registry.get     'x-timer': 'S1437008735.495014,VS0,VE0',
540 silly registry.get     vary: 'Accept' } ]
541 verbose etag https://registry.npmjs.org/inherits from cache
542 http 304 https://registry.npmjs.org/statuses
543 silly registry.get cb [ 304,
543 silly registry.get   { date: 'Thu, 16 Jul 2015 01:05:35 GMT',
543 silly registry.get     via: '1.1 varnish',
543 silly registry.get     'cache-control': 'max-age=60',
543 silly registry.get     etag: '"DBWZSA8GI6L8CNTRFYQ7KFMMA"',
543 silly registry.get     age: '33',
543 silly registry.get     connection: 'keep-alive',
543 silly registry.get     'x-served-by': 'cache-iad2131-IAD',
543 silly registry.get     'x-cache': 'HIT',
543 silly registry.get     'x-cache-hits': '2',
543 silly registry.get     'x-timer': 'S1437008735.507295,VS0,VE0',
543 silly registry.get     vary: 'Accept' } ]
544 verbose etag https://registry.npmjs.org/statuses from cache
545 info outdated updating [ [ 'C:\\Users\\James\\Source\\Repos\\abantech.github.io\\AbantechTestSite\\node_modules\\express',
545 info outdated     'array-flatten',
545 info outdated     '1.1.0',
545 info outdated     '1.1.1',
545 info outdated     '1.1.1',
545 info outdated     '^1.1.0' ],
545 info outdated   [ 'C:\\Users\\James\\Source\\Repos\\abantech.github.io\\AbantechTestSite\\node_modules\\express',
545 info outdated     'path-to-regexp',
545 info outdated     '0.1.6',
545 info outdated     '0.1.6',
545 info outdated     '1.2.0',
545 info outdated     '^0.1.6' ] ]
546 verbose install where,what [ 'C:\\Users\\James\\Source\\Repos\\abantech.github.io\\AbantechTestSite\\node_modules\\express',
546 verbose install   [ 'array-flatten@1.1.1' ] ]
547 verbose install where,what [ 'C:\\Users\\James\\Source\\Repos\\abantech.github.io\\AbantechTestSite\\node_modules\\express',
547 verbose install   [ 'path-to-regexp@0.1.6' ] ]
548 verbose readDependencies using package.json deps
549 verbose cache add [ 'array-flatten@1.1.1', null ]
550 verbose cache add name=undefined spec="array-flatten@1.1.1" args=["array-flatten@1.1.1",null]
551 verbose parsed url { protocol: null,
551 verbose parsed url   slashes: null,
551 verbose parsed url   auth: null,
551 verbose parsed url   host: null,
551 verbose parsed url   port: null,
551 verbose parsed url   hostname: null,
551 verbose parsed url   hash: null,
551 verbose parsed url   search: null,
551 verbose parsed url   query: null,
551 verbose parsed url   pathname: 'array-flatten@1.1.1',
551 verbose parsed url   path: 'array-flatten@1.1.1',
551 verbose parsed url   href: 'array-flatten@1.1.1' }
552 verbose readDependencies using package.json deps
553 verbose cache add [ 'path-to-regexp@0.1.6', null ]
554 verbose cache add name=undefined spec="path-to-regexp@0.1.6" args=["path-to-regexp@0.1.6",null]
555 verbose parsed url { protocol: null,
555 verbose parsed url   slashes: null,
555 verbose parsed url   auth: null,
555 verbose parsed url   host: null,
555 verbose parsed url   port: null,
555 verbose parsed url   hostname: null,
555 verbose parsed url   hash: null,
555 verbose parsed url   search: null,
555 verbose parsed url   query: null,
555 verbose parsed url   pathname: 'path-to-regexp@0.1.6',
555 verbose parsed url   path: 'path-to-regexp@0.1.6',
555 verbose parsed url   href: 'path-to-regexp@0.1.6' }
556 verbose cache add name="array-flatten" spec="1.1.1" args=["array-flatten","1.1.1"]
557 verbose parsed url { protocol: null,
557 verbose parsed url   slashes: null,
557 verbose parsed url   auth: null,
557 verbose parsed url   host: null,
557 verbose parsed url   port: null,
557 verbose parsed url   hostname: null,
557 verbose parsed url   hash: null,
557 verbose parsed url   search: null,
557 verbose parsed url   query: null,
557 verbose parsed url   pathname: '1.1.1',
557 verbose parsed url   path: '1.1.1',
557 verbose parsed url   href: '1.1.1' }
558 verbose addNamed [ 'array-flatten', '1.1.1' ]
559 verbose addNamed [ '1.1.1', '1.1.1' ]
560 verbose cache add name="path-to-regexp" spec="0.1.6" args=["path-to-regexp","0.1.6"]
561 verbose parsed url { protocol: null,
561 verbose parsed url   slashes: null,
561 verbose parsed url   auth: null,
561 verbose parsed url   host: null,
561 verbose parsed url   port: null,
561 verbose parsed url   hostname: null,
561 verbose parsed url   hash: null,
561 verbose parsed url   search: null,
561 verbose parsed url   query: null,
561 verbose parsed url   pathname: '0.1.6',
561 verbose parsed url   path: '0.1.6',
561 verbose parsed url   href: '0.1.6' }
562 verbose addNamed [ 'path-to-regexp', '0.1.6' ]
563 verbose addNamed [ '0.1.6', '0.1.6' ]
564 silly lockFile 032f80b8-array-flatten-1-1-1 array-flatten@1.1.1
565 verbose lock array-flatten@1.1.1 C:\Users\James\AppData\Roaming\npm-cache\032f80b8-array-flatten-1-1-1.lock
566 silly lockFile 8e431988-path-to-regexp-0-1-6 path-to-regexp@0.1.6
567 verbose lock path-to-regexp@0.1.6 C:\Users\James\AppData\Roaming\npm-cache\8e431988-path-to-regexp-0-1-6.lock
568 verbose registry.get https://registry.npmjs.org/array-flatten not expired, no request
569 silly lockFile 85d56c9a--flatten-array-flatten-1-1-1-tgz https://registry.npmjs.org/array-flatten/-/array-flatten-1.1.1.tgz
570 verbose lock https://registry.npmjs.org/array-flatten/-/array-flatten-1.1.1.tgz C:\Users\James\AppData\Roaming\npm-cache\85d56c9a--flatten-array-flatten-1-1-1-tgz.lock
571 verbose registry.get https://registry.npmjs.org/path-to-regexp not expired, no request
572 silly lockFile 8e431988-path-to-regexp-0-1-6 path-to-regexp@0.1.6
573 silly lockFile 8e431988-path-to-regexp-0-1-6 path-to-regexp@0.1.6
574 verbose addRemoteTarball [ 'https://registry.npmjs.org/array-flatten/-/array-flatten-1.1.1.tgz',
574 verbose addRemoteTarball   '9a5f699051b1e7073328f2a008968b64ea2955d2' ]
575 info retry fetch attempt 1 at 21:04:22
576 verbose fetch to= C:\Users\James\AppData\Local\Temp\npm-7968-OcStdSkP\registry.npmjs.org\array-flatten\-\array-flatten-1.1.1.tgz
577 http GET https://registry.npmjs.org/array-flatten/-/array-flatten-1.1.1.tgz
578 silly resolved [ { name: 'path-to-regexp',
578 silly resolved     description: 'Express style path to RegExp utility',
578 silly resolved     version: '0.1.6',
578 silly resolved     files: [ 'index.js', 'LICENSE' ],
578 silly resolved     scripts: { test: 'istanbul cover _mocha -- -R spec' },
578 silly resolved     keywords: [ 'express', 'regexp' ],
578 silly resolved     component: { scripts: [Object] },
578 silly resolved     license: 'MIT',
578 silly resolved     repository:
578 silly resolved      { type: 'git',
578 silly resolved        url: 'https://github.com/component/path-to-regexp.git' },
578 silly resolved     devDependencies: { mocha: '^1.17.1', istanbul: '^0.2.6' },
578 silly resolved     gitHead: '41abe347ea83b203a711856df51c50a51deb03a2',
578 silly resolved     bugs: { url: 'https://github.com/component/path-to-regexp/issues' },
578 silly resolved     homepage: 'https://github.com/component/path-to-regexp',
578 silly resolved     _id: 'path-to-regexp@0.1.6',
578 silly resolved     _shasum: 'f01fd5734047b6bfbc5f208c6135a33d7af09c36',
578 silly resolved     _from: 'path-to-regexp@0.1.6',
578 silly resolved     _npmVersion: '2.11.0',
578 silly resolved     _nodeVersion: '2.2.1',
578 silly resolved     _npmUser: { name: 'blakeembrey', email: 'hello@blakeembrey.com' },
578 silly resolved     maintainers:
578 silly resolved      [ [Object],
578 silly resolved        [Object],
578 silly resolved        [Object],
578 silly resolved        [Object],
578 silly resolved        [Object],
578 silly resolved        [Object],
578 silly resolved        [Object],
578 silly resolved        [Object],
578 silly resolved        [Object],
578 silly resolved        [Object],
578 silly resolved        [Object],
578 silly resolved        [Object],
578 silly resolved        [Object],
578 silly resolved        [Object],
578 silly resolved        [Object],
578 silly resolved        [Object],
578 silly resolved        [Object],
578 silly resolved        [Object],
578 silly resolved        [Object],
578 silly resolved        [Object],
578 silly resolved        [Object],
578 silly resolved        [Object],
578 silly resolved        [Object],
578 silly resolved        [Object],
578 silly resolved        [Object],
578 silly resolved        [Object],
578 silly resolved        [Object],
578 silly resolved        [Object],
578 silly resolved        [Object],
578 silly resolved        [Object],
578 silly resolved        [Object],
578 silly resolved        [Object],
578 silly resolved        [Object] ],
578 silly resolved     dist:
578 silly resolved      { shasum: 'f01fd5734047b6bfbc5f208c6135a33d7af09c36',
578 silly resolved        tarball: 'http://registry.npmjs.org/path-to-regexp/-/path-to-regexp-0.1.6.tgz' },
578 silly resolved     directories: {},
578 silly resolved     _resolved: 'https://registry.npmjs.org/path-to-regexp/-/path-to-regexp-0.1.6.tgz',
578 silly resolved     readme: 'ERROR: No README data found!' } ]
579 info install path-to-regexp@0.1.6 into C:\Users\James\Source\Repos\abantech.github.io\AbantechTestSite\node_modules\express
580 info installOne path-to-regexp@0.1.6
581 verbose node_modules\express\node_modules\path-to-regexp unbuild
582 info preuninstall path-to-regexp@0.1.6
583 info uninstall path-to-regexp@0.1.6
584 verbose false,C:\Users\James\Source\Repos\abantech.github.io\AbantechTestSite\node_modules,C:\Users\James\Source\Repos\abantech.github.io\AbantechTestSite\node_modules\express\node_modules unbuild path-to-regexp@0.1.6
585 info postuninstall path-to-regexp@0.1.6
586 verbose tar unpack C:\Users\James\AppData\Roaming\npm-cache\path-to-regexp\0.1.6\package.tgz
587 silly lockFile 7bb47b7d-ress-node-modules-path-to-regexp tar://C:\Users\James\Source\Repos\abantech.github.io\AbantechTestSite\node_modules\express\node_modules\path-to-regexp
588 verbose lock tar://C:\Users\James\Source\Repos\abantech.github.io\AbantechTestSite\node_modules\express\node_modules\path-to-regexp C:\Users\James\AppData\Roaming\npm-cache\7bb47b7d-ress-node-modules-path-to-regexp.lock
589 silly lockFile 57bf309e-path-to-regexp-0-1-6-package-tgz tar://C:\Users\James\AppData\Roaming\npm-cache\path-to-regexp\0.1.6\package.tgz
590 verbose lock tar://C:\Users\James\AppData\Roaming\npm-cache\path-to-regexp\0.1.6\package.tgz C:\Users\James\AppData\Roaming\npm-cache\57bf309e-path-to-regexp-0-1-6-package-tgz.lock
591 silly gunzTarPerm modes [ '777', '666' ]
592 silly gunzTarPerm extractEntry package.json
593 silly gunzTarPerm modified mode [ 'package.json', 420, 438 ]
594 silly gunzTarPerm extractEntry LICENSE
595 silly gunzTarPerm modified mode [ 'LICENSE', 420, 438 ]
596 silly gunzTarPerm extractEntry index.js
597 silly gunzTarPerm modified mode [ 'index.js', 420, 438 ]
598 http 200 https://registry.npmjs.org/array-flatten/-/array-flatten-1.1.1.tgz
599 silly gunzTarPerm extractEntry Readme.md
600 silly gunzTarPerm modified mode [ 'Readme.md', 420, 438 ]
601 silly gunzTarPerm extractEntry History.md
602 silly gunzTarPerm modified mode [ 'History.md', 420, 438 ]
603 silly lockFile 85d56c9a--flatten-array-flatten-1-1-1-tgz https://registry.npmjs.org/array-flatten/-/array-flatten-1.1.1.tgz
604 silly lockFile 85d56c9a--flatten-array-flatten-1-1-1-tgz https://registry.npmjs.org/array-flatten/-/array-flatten-1.1.1.tgz
605 silly lockFile 032f80b8-array-flatten-1-1-1 array-flatten@1.1.1
606 silly lockFile 032f80b8-array-flatten-1-1-1 array-flatten@1.1.1
607 silly resolved [ { name: 'array-flatten',
607 silly resolved     version: '1.1.1',
607 silly resolved     description: 'Flatten an array of nested arrays into a single flat array',
607 silly resolved     main: 'array-flatten.js',
607 silly resolved     files: [ 'array-flatten.js', 'LICENSE' ],
607 silly resolved     scripts: { test: 'istanbul cover _mocha -- -R spec' },
607 silly resolved     repository:
607 silly resolved      { type: 'git',
607 silly resolved        url: 'git://github.com/blakeembrey/array-flatten.git' },
607 silly resolved     keywords: [ 'array', 'flatten', 'arguments', 'depth' ],
607 silly resolved     author:
607 silly resolved      { name: 'Blake Embrey',
607 silly resolved        email: 'hello@blakeembrey.com',
607 silly resolved        url: 'http://blakeembrey.me' },
607 silly resolved     license: 'MIT',
607 silly resolved     bugs: { url: 'https://github.com/blakeembrey/array-flatten/issues' },
607 silly resolved     homepage: 'https://github.com/blakeembrey/array-flatten',
607 silly resolved     devDependencies:
607 silly resolved      { istanbul: '^0.3.13',
607 silly resolved        mocha: '^2.2.4',
607 silly resolved        'pre-commit': '^1.0.7',
607 silly resolved        standard: '^3.7.3' },
607 silly resolved     gitHead: '1963a9189229d408e1e8f585a00c8be9edbd1803',
607 silly resolved     _id: 'array-flatten@1.1.1',
607 silly resolved     _shasum: '9a5f699051b1e7073328f2a008968b64ea2955d2',
607 silly resolved     _from: 'array-flatten@1.1.1',
607 silly resolved     _npmVersion: '2.11.3',
607 silly resolved     _nodeVersion: '2.3.3',
607 silly resolved     _npmUser: { name: 'blakeembrey', email: 'hello@blakeembrey.com' },
607 silly resolved     maintainers: [ [Object] ],
607 silly resolved     dist:
607 silly resolved      { shasum: '9a5f699051b1e7073328f2a008968b64ea2955d2',
607 silly resolved        tarball: 'http://registry.npmjs.org/array-flatten/-/array-flatten-1.1.1.tgz' },
607 silly resolved     directories: {},
607 silly resolved     _resolved: 'https://registry.npmjs.org/array-flatten/-/array-flatten-1.1.1.tgz' } ]
608 info install array-flatten@1.1.1 into C:\Users\James\Source\Repos\abantech.github.io\AbantechTestSite\node_modules\express
609 info installOne array-flatten@1.1.1
610 verbose node_modules\express\node_modules\array-flatten unbuild
611 info preuninstall array-flatten@1.1.0
612 info uninstall array-flatten@1.1.0
613 verbose false,C:\Users\James\Source\Repos\abantech.github.io\AbantechTestSite\node_modules,C:\Users\James\Source\Repos\abantech.github.io\AbantechTestSite\node_modules\express\node_modules unbuild array-flatten@1.1.0
614 info postuninstall array-flatten@1.1.0
615 silly lockFile 7bb47b7d-ress-node-modules-path-to-regexp tar://C:\Users\James\Source\Repos\abantech.github.io\AbantechTestSite\node_modules\express\node_modules\path-to-regexp
616 silly lockFile 7bb47b7d-ress-node-modules-path-to-regexp tar://C:\Users\James\Source\Repos\abantech.github.io\AbantechTestSite\node_modules\express\node_modules\path-to-regexp
617 silly lockFile 57bf309e-path-to-regexp-0-1-6-package-tgz tar://C:\Users\James\AppData\Roaming\npm-cache\path-to-regexp\0.1.6\package.tgz
618 silly lockFile 57bf309e-path-to-regexp-0-1-6-package-tgz tar://C:\Users\James\AppData\Roaming\npm-cache\path-to-regexp\0.1.6\package.tgz
619 verbose tar unpack C:\Users\James\AppData\Roaming\npm-cache\array-flatten\1.1.1\package.tgz
620 silly lockFile e4dd1669-press-node-modules-array-flatten tar://C:\Users\James\Source\Repos\abantech.github.io\AbantechTestSite\node_modules\express\node_modules\array-flatten
621 verbose lock tar://C:\Users\James\Source\Repos\abantech.github.io\AbantechTestSite\node_modules\express\node_modules\array-flatten C:\Users\James\AppData\Roaming\npm-cache\e4dd1669-press-node-modules-array-flatten.lock
622 silly lockFile 105c2449--array-flatten-1-1-1-package-tgz tar://C:\Users\James\AppData\Roaming\npm-cache\array-flatten\1.1.1\package.tgz
623 verbose lock tar://C:\Users\James\AppData\Roaming\npm-cache\array-flatten\1.1.1\package.tgz C:\Users\James\AppData\Roaming\npm-cache\105c2449--array-flatten-1-1-1-package-tgz.lock
624 info preinstall path-to-regexp@0.1.6
625 verbose readDependencies using package.json deps
626 verbose readDependencies using package.json deps
627 silly resolved []
628 verbose about to build C:\Users\James\Source\Repos\abantech.github.io\AbantechTestSite\node_modules\express\node_modules\path-to-regexp
629 info build C:\Users\James\Source\Repos\abantech.github.io\AbantechTestSite\node_modules\express\node_modules\path-to-regexp
630 verbose linkStuff [ false,
630 verbose linkStuff   false,
630 verbose linkStuff   false,
630 verbose linkStuff   'C:\\Users\\James\\Source\\Repos\\abantech.github.io\\AbantechTestSite\\node_modules\\express\\node_modules' ]
631 info linkStuff path-to-regexp@0.1.6
632 verbose linkBins path-to-regexp@0.1.6
633 verbose linkMans path-to-regexp@0.1.6
634 verbose rebuildBundles path-to-regexp@0.1.6
635 silly gunzTarPerm modes [ '777', '666' ]
636 info install path-to-regexp@0.1.6
637 info postinstall path-to-regexp@0.1.6
638 silly gunzTarPerm extractEntry package.json
639 silly gunzTarPerm modified mode [ 'package.json', 420, 438 ]
640 silly gunzTarPerm extractEntry README.md
641 silly gunzTarPerm modified mode [ 'README.md', 420, 438 ]
642 silly gunzTarPerm extractEntry LICENSE
643 silly gunzTarPerm modified mode [ 'LICENSE', 420, 438 ]
644 silly gunzTarPerm extractEntry array-flatten.js
645 silly gunzTarPerm modified mode [ 'array-flatten.js', 420, 438 ]
646 verbose saving { 'path-to-regexp': '^0.1.6' }
647 silly lockFile e4dd1669-press-node-modules-array-flatten tar://C:\Users\James\Source\Repos\abantech.github.io\AbantechTestSite\node_modules\express\node_modules\array-flatten
648 silly lockFile e4dd1669-press-node-modules-array-flatten tar://C:\Users\James\Source\Repos\abantech.github.io\AbantechTestSite\node_modules\express\node_modules\array-flatten
649 silly lockFile 105c2449--array-flatten-1-1-1-package-tgz tar://C:\Users\James\AppData\Roaming\npm-cache\array-flatten\1.1.1\package.tgz
650 silly lockFile 105c2449--array-flatten-1-1-1-package-tgz tar://C:\Users\James\AppData\Roaming\npm-cache\array-flatten\1.1.1\package.tgz
651 info preinstall array-flatten@1.1.1
652 verbose readDependencies using package.json deps
653 verbose readDependencies using package.json deps
654 silly resolved []
655 verbose about to build C:\Users\James\Source\Repos\abantech.github.io\AbantechTestSite\node_modules\express\node_modules\array-flatten
656 info build C:\Users\James\Source\Repos\abantech.github.io\AbantechTestSite\node_modules\express\node_modules\array-flatten
657 verbose linkStuff [ false,
657 verbose linkStuff   false,
657 verbose linkStuff   false,
657 verbose linkStuff   'C:\\Users\\James\\Source\\Repos\\abantech.github.io\\AbantechTestSite\\node_modules\\express\\node_modules' ]
658 info linkStuff array-flatten@1.1.1
659 verbose linkBins array-flatten@1.1.1
660 verbose linkMans array-flatten@1.1.1
661 verbose rebuildBundles array-flatten@1.1.1
662 info install array-flatten@1.1.1
663 info postinstall array-flatten@1.1.1
664 verbose saving { 'array-flatten': '^1.1.1' }
665 error Error: EBUSY, open 'C:\Users\James\Source\Repos\abantech.github.io\AbantechTestSite\node_modules\express\package.json'
666 error If you need help, you may report this *entire* log,
666 error including the npm and node versions, at:
666 error     <http://github.com/npm/npm/issues>
667 error System Windows_NT 6.2.9200
668 error command "C:\\Program Files\\nodejs\\\\node.exe" "C:\\Program Files\\nodejs\\node_modules\\npm\\bin\\npm-cli.js" "update" "--save"
669 error cwd C:\Users\James\Source\Repos\abantech.github.io\AbantechTestSite
670 error node -v v0.10.35
671 error npm -v 1.4.28
672 error path C:\Users\James\Source\Repos\abantech.github.io\AbantechTestSite\node_modules\express\package.json
673 error code EBUSY
674 error errno 10
675 verbose exit [ 10, true ]
